TN:
SF:src\modules\appointments\services\CreateAppointmentService.ts
FN:24,(anonymous_18)
FN:29,CreateAppointmentService
FN:34,(anonymous_20)
FNF:3
FNH:3
FNDA:1,(anonymous_18)
FNDA:2,CreateAppointmentService
FNDA:3,(anonymous_20)
DA:1,1
DA:2,1
DA:4,1
DA:24,1
DA:31,2
DA:34,1
DA:35,3
DA:36,3
DA:40,3
DA:45,3
DA:49,3
DA:50,1
DA:53,2
DA:62,2
DA:64,1
DA:66,1
LF:16
LH:16
BRDA:49,0,0,1
BRDA:49,0,1,2
BRF:2
BRH:2
end_of_record
TN:
SF:src\modules\users\services\AuthenticateUserService.ts
FN:24,(anonymous_18)
FN:29,AuthenticateUserService
FN:38,(anonymous_20)
FNF:3
FNH:3
FNDA:1,(anonymous_18)
FNDA:3,AuthenticateUserService
FNDA:3,(anonymous_20)
DA:1,1
DA:2,1
DA:4,1
DA:6,1
DA:24,1
DA:31,3
DA:34,3
DA:38,1
DA:39,3
DA:40,3
DA:42,3
DA:44,3
DA:45,1
DA:48,2
DA:50,2
DA:51,1
DA:54,1
DA:56,1
DA:61,1
DA:66,1
DA:68,1
LF:21
LH:21
BRDA:42,0,0,3
BRDA:44,1,0,1
BRDA:44,1,1,2
BRDA:50,2,0,1
BRDA:50,2,1,1
BRF:5
BRH:5
end_of_record
TN:
SF:src\modules\users\services\CreateUserService.ts
FN:16,(anonymous_18)
FN:21,CreateUserService
FN:29,(anonymous_20)
FNF:3
FNH:3
FNDA:2,(anonymous_18)
FNDA:5,CreateUserService
FNDA:6,(anonymous_20)
DA:1,2
DA:3,2
DA:16,2
DA:23,5
DA:26,5
DA:29,6
DA:30,6
DA:32,6
DA:33,1
DA:36,5
DA:38,5
DA:44,5
DA:46,2
DA:48,2
LF:14
LH:14
BRDA:30,0,0,6
BRDA:32,1,0,1
BRDA:32,1,1,5
BRF:3
BRH:3
end_of_record
TN:
SF:src\modules\users\services\ResetPasswordService.ts
FN:17,(anonymous_18)
FN:18,ResetPasswordService
FN:29,(anonymous_20)
FNF:3
FNH:3
FNDA:1,(anonymous_18)
FNDA:4,ResetPasswordService
FNDA:4,(anonymous_20)
DA:1,1
DA:2,1
DA:4,1
DA:17,1
DA:20,4
DA:23,4
DA:26,4
DA:29,4
DA:31,4
DA:33,4
DA:34,1
DA:37,3
DA:38,3
DA:41,3
DA:42,1
DA:45,2
DA:47,2
DA:48,1
DA:51,1
DA:53,2
DA:55,1
DA:57,1
LF:22
LH:22
BRDA:31,0,0,4
BRDA:33,1,0,1
BRDA:33,1,1,3
BRDA:41,2,0,1
BRDA:41,2,1,2
BRDA:47,3,0,1
BRDA:47,3,1,1
BRF:7
BRH:7
end_of_record
TN:
SF:src\modules\users\services\SendForgotPasswordEmailService.ts
FN:14,(anonymous_18)
FN:15,SendForgotPasswordEmailService
FN:26,(anonymous_20)
FNF:3
FNH:3
FNDA:1,(anonymous_18)
FNDA:3,SendForgotPasswordEmailService
FNDA:3,(anonymous_20)
DA:1,1
DA:2,1
DA:4,1
DA:14,1
DA:17,3
DA:20,3
DA:23,3
DA:26,3
DA:28,3
DA:30,3
DA:31,1
DA:34,2
DA:36,2
DA:43,4
DA:58,1
DA:60,1
LF:16
LH:16
BRDA:28,0,0,3
BRDA:30,1,0,1
BRDA:30,1,1,2
BRF:3
BRH:3
end_of_record
TN:
SF:src\modules\users\services\ShowProfileService.ts
FN:13,(anonymous_18)
FN:18,ShowProfileService
FN:23,(anonymous_20)
FNF:3
FNH:3
FNDA:1,(anonymous_18)
FNDA:2,ShowProfileService
FNDA:2,(anonymous_20)
DA:1,1
DA:3,1
DA:13,1
DA:20,2
DA:23,2
DA:24,2
DA:26,2
DA:27,1
DA:30,1
DA:32,1
DA:34,1
LF:11
LH:11
BRDA:24,0,0,2
BRDA:26,1,0,1
BRDA:26,1,1,1
BRF:3
BRH:3
end_of_record
TN:
SF:src\modules\users\services\UpdateProfileService.ts
FN:18,(anonymous_18)
FN:23,UpdateProfileService
FN:33,(anonymous_20)
FNF:3
FNH:3
FNDA:1,(anonymous_18)
FNDA:6,UpdateProfileService
FNDA:6,(anonymous_20)
DA:1,1
DA:3,1
DA:18,1
DA:25,6
DA:28,6
DA:33,1
DA:34,6
DA:35,6
DA:36,6
DA:37,6
DA:38,6
DA:41,6
DA:43,6
DA:44,1
DA:47,5
DA:49,5
DA:50,1
DA:53,4
DA:54,4
DA:56,4
DA:57,1
DA:60,4
DA:61,2
DA:66,2
DA:67,1
DA:69,1
DA:72,2
DA:74,1
DA:76,1
LF:29
LH:29
BRDA:41,0,0,6
BRDA:41,0,1,2
BRDA:41,0,2,2
BRDA:43,1,0,1
BRDA:43,1,1,5
BRDA:49,2,0,1
BRDA:49,2,1,4
BRDA:49,3,0,5
BRDA:49,3,1,4
BRDA:56,4,0,1
BRDA:56,4,1,3
BRDA:56,5,0,4
BRDA:56,5,1,3
BRDA:60,6,0,1
BRDA:60,6,1,2
BRDA:60,7,0,3
BRDA:60,7,1,2
BRDA:66,8,0,1
BRDA:66,8,1,1
BRF:19
BRH:19
end_of_record
TN:
SF:src\modules\users\services\UpdateUserAvatarService.ts
FN:14,(anonymous_18)
FN:19,UpdateUserAvatarService
FN:29,(anonymous_20)
FNF:3
FNH:3
FNDA:1,(anonymous_18)
FNDA:3,UpdateUserAvatarService
FNDA:4,(anonymous_20)
DA:1,1
DA:3,1
DA:14,1
DA:21,3
DA:24,3
DA:29,1
DA:30,4
DA:31,4
DA:33,4
DA:35,4
DA:36,1
DA:42,3
DA:43,1
DA:46,3
DA:48,3
DA:51,6
DA:54,3
DA:56,1
DA:58,1
LF:19
LH:19
BRDA:33,0,0,4
BRDA:35,1,0,1
BRDA:35,1,1,3
BRDA:42,2,0,1
BRDA:42,2,1,2
BRF:5
BRH:5
end_of_record
